<?xml version="1.0" encoding="UTF-8"?>
<!-- Generated by org.testng.reporters.JUnitXMLReporter -->
<testsuite ignored="7" hostname="ABHISHEKs-MacBook-Air.local" failures="0" tests="0" time="0.003" errors="0" timestamp="2024-09-17T00:36:58 IST">
  <testcase classname="program.ReverseString_PreservingPositionOfSpace" name="rev_String" time="0.0">
    <ignored/>
  </testcase> <!-- rev_String -->
  <testcase classname="program.Second_Lowest_From_Array" name="FindsecondLowest" time="0.0">
    <ignored/>
  </testcase> <!-- FindsecondLowest -->
  <testcase classname="program.Sorting_Array" name="sortArray" time="0.0">
    <ignored/>
  </testcase> <!-- sortArray -->
  <testcase classname="program.Highest_And_Lowest_From_Array" name="findHighestAndLowest" time="0.0">
    <ignored/>
  </testcase> <!-- findHighestAndLowest -->
  <testcase classname="program.Count_NumberOfCharacter_In_String" name="countChar" time="0.0">
    <ignored/>
  </testcase> <!-- countChar -->
  <testcase classname="program.ReverseString_With_Condition" name="reverseString" time="0.0">
    <ignored/>
  </testcase> <!-- reverseString -->
  <testcase classname="program.Iterate_HashMap" name="iterateMap" time="0.0">
    <ignored/>
  </testcase> <!-- iterateMap -->
</testsuite>
