<?xml version="1.0" encoding="UTF-8"?>
<!-- Generated by org.testng.reporters.JUnitXMLReporter -->
<testsuite ignored="6" hostname="ABHISHEKs-MacBook-Air.local" failures="0" tests="4" name="SeleniumProgram_On_Chrome" time="115.936" errors="0" timestamp="2024-09-17T00:38:54 IST">
  <testcase classname="selenium.Fluent" name="fluentWait" time="18.092"/>
  <testcase classname="selenium.ExplicitWait" name="ExplicitWait_Method" time="18.604"/>
  <testcase classname="selenium.Window_Handling" name="window_Handling" time="102.87"/>
  <testcase classname="selenium.Tab_Handling" name="tab_Handling" time="104.236"/>
  <testcase classname="utilities.BaseClass" name="@BeforeSuite extentReportSetup" time="0.0">
    <ignored/>
  </testcase> <!-- @BeforeSuite extentReportSetup -->
  <testcase classname="utilities.BaseClass" name="@BeforeSuite extentReportSetup" time="0.0">
    <ignored/>
  </testcase> <!-- @BeforeSuite extentReportSetup -->
  <testcase classname="utilities.BaseClass" name="@BeforeSuite extentReportSetup" time="0.0">
    <ignored/>
  </testcase> <!-- @BeforeSuite extentReportSetup -->
  <testcase classname="utilities.BaseClass" name="@AfterSuite flushExtentReport" time="0.0">
    <ignored/>
  </testcase> <!-- @AfterSuite flushExtentReport -->
  <testcase classname="utilities.BaseClass" name="@AfterSuite flushExtentReport" time="0.0">
    <ignored/>
  </testcase> <!-- @AfterSuite flushExtentReport -->
  <testcase classname="utilities.BaseClass" name="@AfterSuite flushExtentReport" time="0.0">
    <ignored/>
  </testcase> <!-- @AfterSuite flushExtentReport -->
</testsuite> <!-- SeleniumProgram_On_Chrome -->
