<?xml version="1.0" encoding="UTF-8"?>
<!-- Generated by org.testng.reporters.JUnitXMLReporter -->
<testsuite ignored="6" hostname="ABHISHEKs-MacBook-Air.local" failures="0" tests="7" name="Test" time="0.022" errors="0" timestamp="2024-05-07T19:22:26 IST">
  <testcase classname="program.ReverseString_PreservingPositionOfSpace" name="rev_String" time="0.005"/>
  <testcase classname="program.ReverseString_With_Condition" name="reverseString" time="0.001"/>
  <testcase classname="program.Count_NumberOfCharacter_In_String" name="countChar" time="0.001"/>
  <testcase classname="program.Iterate_HashMap" name="iterateMap" time="0.001"/>
  <testcase classname="program.Sorting_Array" name="sortArray" time="0.001"/>
  <testcase classname="program.Highest_And_Lowest_From_Array" name="findHighestAndLowest" time="0.001"/>
  <testcase classname="program.Second_Lowest_From_Array" name="FindsecondLowest" time="0.001"/>
  <testcase classname="selenium.Assertion" name="ExplicitWait_Method" time="0.0">
    <ignored/>
  </testcase> <!-- ExplicitWait_Method -->
  <testcase classname="selenium.ExplicitWait" name="ExplicitWait_Method" time="0.0">
    <ignored/>
  </testcase> <!-- ExplicitWait_Method -->
  <testcase classname="selenium.JavaScriptExec" name="javascriptExecu" time="0.0">
    <ignored/>
  </testcase> <!-- javascriptExecu -->
  <testcase classname="selenium.FindBrokenLinks" name="verifyLinks" time="0.0">
    <ignored/>
  </testcase> <!-- verifyLinks -->
  <testcase classname="selenium.TakeScreenShots" name="captureScreen" time="0.0">
    <ignored/>
  </testcase> <!-- captureScreen -->
  <testcase classname="selenium.Fluent" name="fluentWait" time="0.0">
    <ignored/>
  </testcase> <!-- fluentWait -->
</testsuite> <!-- Test -->
